  billboard_list.cpp
  billboard_technique.cpp
  camera.cpp
C:\Users\user\Documents\GitHub\Labs_ECG\L5_ECG\L5_ECG\camera.cpp(46,31): warning C4244: =: преобразование "double" в "float", возможна потеря данных
C:\Users\user\Documents\GitHub\Labs_ECG\L5_ECG\L5_ECG\camera.cpp(50,31): warning C4244: =: преобразование "double" в "float", возможна потеря данных
C:\Users\user\Documents\GitHub\Labs_ECG\L5_ECG\L5_ECG\camera.cpp(57,24): warning C4244: =: преобразование "double" в "float", возможна потеря данных
C:\Users\user\Documents\GitHub\Labs_ECG\L5_ECG\L5_ECG\camera.cpp(61,30): warning C4244: =: преобразование "double" в "float", возможна потеря данных
C:\Users\user\Documents\GitHub\Labs_ECG\L5_ECG\L5_ECG\camera.cpp(65,16): warning C4244: =: преобразование "double" в "float", возможна потеря данных
  glut_backend.cpp
  lighting_technique.cpp
C:\Users\user\Documents\GitHub\Labs_ECG\L5_ECG\L5_ECG\lighting_technique.cpp(448,58): warning C4244: аргумент: преобразование "double" в "float", возможна потеря данных
  math_3d.cpp
C:\Users\user\Documents\GitHub\Labs_ECG\L5_ECG\L5_ECG\math_3d.cpp(43,37): warning C4244: аргумент: преобразование "double" в "float", возможна потеря данных
C:\Users\user\Documents\GitHub\Labs_ECG\L5_ECG\L5_ECG\math_3d.cpp(44,37): warning C4244: аргумент: преобразование "double" в "float", возможна потеря данных
C:\Users\user\Documents\GitHub\Labs_ECG\L5_ECG\L5_ECG\math_3d.cpp(74,21): warning C4244: инициализация: преобразование "double" в "float", возможна потеря данных
C:\Users\user\Documents\GitHub\Labs_ECG\L5_ECG\L5_ECG\math_3d.cpp(74,19): warning C4244: инициализация: преобразование "double" в "const float", возможна потеря данных
C:\Users\user\Documents\GitHub\Labs_ECG\L5_ECG\L5_ECG\math_3d.cpp(75,21): warning C4244: инициализация: преобразование "double" в "float", возможна потеря данных
C:\Users\user\Documents\GitHub\Labs_ECG\L5_ECG\L5_ECG\math_3d.cpp(75,19): warning C4244: инициализация: преобразование "double" в "const float", возможна потеря данных
C:\Users\user\Documents\GitHub\Labs_ECG\L5_ECG\L5_ECG\math_3d.cpp(76,21): warning C4244: инициализация: преобразование "double" в "float", возможна потеря данных
C:\Users\user\Documents\GitHub\Labs_ECG\L5_ECG\L5_ECG\math_3d.cpp(76,19): warning C4244: инициализация: преобразование "double" в "const float", возможна потеря данных
C:\Users\user\Documents\GitHub\Labs_ECG\L5_ECG\L5_ECG\math_3d.cpp(124,35): warning C4244: аргумент: преобразование "double" в "float", возможна потеря данных
  mesh.cpp
C:\Users\user\Documents\GitHub\Labs_ECG\L5_ECG\L5_ECG\mesh.cpp(48,32): warning C4267: =: преобразование из "size_t" в "unsigned int"; возможна потеря данных
  pipeline.cpp
  technique.cpp
C:\Users\user\Documents\GitHub\Labs_ECG\L5_ECG\L5_ECG\technique.cpp(97,36): warning C4267: =: преобразование из "size_t" в "GLint"; возможна потеря данных
  texture.cpp
C:\Users\user\Documents\GitHub\Labs_ECG\L5_ECG\L5_ECG\texture.cpp(24,86): warning C4244: аргумент: преобразование "double" в "GLint", возможна потеря данных
C:\Users\user\Documents\GitHub\Labs_ECG\L5_ECG\L5_ECG\texture.cpp(24,131): warning C4267: аргумент: преобразование из "size_t" в "GLsizei"; возможна потеря данных
  Создание кода
  107 of 487 functions (22.0%) were compiled, the rest were copied from previous compilation.
    0 functions were new in current compilation
    9 functions had inline decision re-evaluated but remain unchanged
  Создание кода завершено
  L5_ECG.vcxproj -> C:\Users\user\Documents\GitHub\Labs_ECG\L5_ECG\x64\Release\L5_ECG.exe
